<?xml version="1.0" encoding="UTF-8"?>
<!-- Generated by org.testng.reporters.JUnitReportReporter -->
<testsuite hostname="DESKTOP-7FHSAFT" failures="0" tests="1" name="StreamCls" time="0.008" errors="0" timestamp="2022-04-11T18:16:59 AST" skipped="0">
  <testcase classname="StreamCls" name="StreamFilter" time="0.008"/>
  <system-out/>
</testsuite> <!-- StreamCls -->
